2025-05-26 16:10:19,889 - INFO - Preparing IAM Handwriting Dataset...
2025-05-26 16:10:40,955 - ERROR - Error downloading https://fki.tic.heia-fr.ch/DBs/iamdb/data/iamdb.zip: HTTPSConnectionPool(host='fki.tic.heia-fr.ch', port=443): Max retries exceeded with url: /DBs/iamdb/data/iamdb.zip (Caused by ConnectTimeoutError(<urllib3.connection.HTTPSConnection object at 0x00000205984ACBF0>, 'Connection to fki.tic.heia-fr.ch timed out. (connect timeout=None)'))
2025-05-26 16:10:40,957 - ERROR - IAM dataset preparation failed
2025-05-26 16:10:40,958 - INFO - Preparing SynthText Dataset...
2025-05-26 16:10:41,728 - ERROR - Error extracting data\synthtext\SynthText.zip: File is not a zip file
2025-05-26 16:10:41,728 - ERROR - SynthText dataset preparation failed
2025-05-26 16:12:22,775 - INFO - Preparing MNIST Dataset for handwritten text...
2025-05-26 16:12:33,902 - ERROR - Error preparing MNIST dataset: pic should be Tensor or ndarray. Got <class 'PIL.Image.Image'>.
2025-05-26 16:12:33,905 - ERROR - MNIST dataset preparation failed
2025-05-26 16:12:33,905 - INFO - Preparing COCO-Text Dataset for printed text...
2025-05-26 16:12:34,351 - ERROR - Error preparing COCO-Text dataset: Failed to retrieve file url:

	Cannot retrieve the public link of the file. You may need to change
	the permission to 'Anyone with the link', or have had many accesses.
	Check FAQ in https://github.com/wkentaro/gdown?tab=readme-ov-file#faq.

You may still be able to access the file from the browser:

	https://drive.google.com/uc?id=1c4W-JzVkO9yq1WqP2t6Pm4h9I1P1gQ9X

but Gdown can't. Please check connections and permissions.
2025-05-26 16:12:34,353 - ERROR - COCO-Text dataset preparation failed
2025-05-26 16:13:25,919 - INFO - Preparing MNIST Dataset for handwritten text...
2025-05-26 16:13:25,966 - ERROR - Error preparing MNIST dataset: 'Image' object has no attribute 'numpy'
2025-05-26 16:13:25,969 - ERROR - MNIST dataset preparation failed
2025-05-26 16:13:25,969 - INFO - Preparing COCO-Text Dataset for printed text...
2025-05-26 16:13:26,338 - ERROR - Error preparing COCO-Text dataset: File is not a zip file
2025-05-26 16:13:26,338 - ERROR - COCO-Text dataset preparation failed
2025-05-26 16:15:50,416 - INFO - Preparing MNIST Dataset for handwritten text...
2025-05-26 16:15:50,460 - ERROR - Error preparing MNIST dataset: 'Image' object has no attribute 'numpy'
2025-05-26 16:15:50,462 - ERROR - MNIST dataset preparation failed
2025-05-26 16:15:50,462 - INFO - Preparing COCO-Text Dataset for printed text...
2025-05-26 16:15:50,463 - ERROR - Downloaded file data\cocotext\cocotext.zip is not a valid zip file
2025-05-26 16:15:50,463 - ERROR - COCO-Text dataset preparation failed
2025-05-26 16:18:05,856 - INFO - Preparing MNIST Dataset for handwritten text...
2025-05-26 16:18:05,902 - ERROR - Error preparing MNIST dataset: 'Image' object has no attribute 'numpy'
2025-05-26 16:18:05,904 - ERROR - MNIST dataset preparation failed
2025-05-26 16:18:05,905 - INFO - Preparing Printed Text Dataset...
2025-05-26 16:18:09,045 - INFO - Printed text dataset preparation completed successfully
2025-05-26 16:18:56,008 - INFO - Preparing MNIST Dataset for handwritten text...
2025-05-26 16:19:51,546 - INFO - MNIST dataset preparation completed successfully
2025-05-26 16:19:51,546 - INFO - Preparing Printed Text Dataset...
2025-05-26 16:19:56,731 - INFO - Printed text dataset preparation completed successfully
2025-05-26 16:23:33,613 - INFO - Preparing MNIST Dataset for handwritten text...
2025-05-26 16:24:16,464 - INFO - MNIST dataset preparation completed successfully
2025-05-26 16:24:16,464 - INFO - Preparing Printed Text Dataset...
2025-05-26 16:24:21,790 - INFO - Printed text dataset preparation completed successfully
2025-05-26 16:33:50,768 - INFO - Preparing MNIST Dataset for handwritten text...
2025-05-26 16:34:29,783 - INFO - MNIST dataset preparation completed successfully
2025-05-26 16:34:29,783 - INFO - Preparing Printed Text Dataset...
2025-05-26 16:34:33,234 - INFO - Printed text dataset preparation completed successfully
2025-05-26 16:34:40,877 - INFO - Preparing MNIST Dataset for handwritten text...
2025-05-26 16:35:17,956 - INFO - MNIST dataset preparation completed successfully
2025-05-26 16:35:17,956 - INFO - Preparing Printed Text Dataset...
2025-05-26 16:35:21,441 - INFO - Printed text dataset preparation completed successfully
