2025-05-26 16:22:24,104 - INFO - Loading datasets...
2025-05-26 16:25:25,112 - INFO - Loading datasets...
2025-05-26 16:26:15,457 - INFO - Loading datasets...
2025-05-26 16:26:15,527 - INFO - Initializing model...
2025-05-26 16:28:01,695 - INFO - Starting training...
2025-05-26 16:31:08,450 - INFO - Loading datasets...
2025-05-26 16:36:04,057 - INFO - Loading datasets...
2025-05-26 16:38:06,971 - INFO - Loading datasets...
2025-05-26 16:38:08,109 - INFO - Initializing model...
2025-05-26 16:38:54,938 - INFO - Loading datasets...
2025-05-26 16:38:55,966 - INFO - Initializing model...
2025-05-26 16:38:56,178 - INFO - Starting training...
2025-05-26 16:38:56,179 - INFO - Epoch 1/100
2025-05-26 16:40:46,780 - INFO - Loading datasets...
2025-05-26 16:40:47,809 - INFO - Initializing model...
2025-05-26 16:40:48,029 - INFO - Starting training...
2025-05-26 16:40:48,030 - INFO - Epoch 1/100
2025-05-26 16:41:53,607 - INFO - Loading datasets...
2025-05-26 16:41:54,655 - INFO - Initializing model...
2025-05-26 16:41:54,870 - INFO - Starting training...
2025-05-26 16:41:54,870 - INFO - Epoch 1/100
2025-05-26 16:42:59,351 - INFO - Loading datasets...
2025-05-26 16:43:00,373 - INFO - Initializing model...
2025-05-26 16:43:00,587 - INFO - Starting training...
2025-05-26 16:43:00,587 - INFO - Epoch 1/100
2025-05-26 16:45:34,045 - INFO - Loading datasets...
2025-05-26 16:45:35,085 - INFO - Initializing model...
2025-05-26 16:45:35,290 - INFO - Starting training...
2025-05-26 16:45:35,290 - INFO - Epoch 1/100
2025-05-26 16:47:22,499 - INFO - Loading datasets...
2025-05-26 16:47:23,515 - INFO - Initializing model...
2025-05-26 16:47:23,730 - INFO - Starting training...
2025-05-26 16:47:23,730 - INFO - Epoch 1/100
2025-05-26 16:48:43,375 - INFO - Loading datasets...
2025-05-26 16:48:44,355 - INFO - Initializing model...
2025-05-26 16:48:44,558 - INFO - Starting training...
2025-05-26 16:48:44,559 - INFO - Epoch 1/100
2025-05-26 16:50:09,909 - INFO - Loading datasets...
2025-05-26 16:50:10,946 - INFO - Initializing model...
2025-05-26 16:50:11,166 - INFO - Starting training...
2025-05-26 16:50:11,166 - INFO - Epoch 1/100
2025-05-26 16:51:41,036 - INFO - Loading datasets...
2025-05-26 16:51:42,057 - INFO - Initializing model...
2025-05-26 16:51:42,265 - INFO - Starting training...
2025-05-26 16:51:42,266 - INFO - Epoch 1/100
2025-05-26 16:53:21,464 - INFO - Loading datasets...
2025-05-26 16:53:22,490 - INFO - Initializing model...
2025-05-26 16:53:22,695 - INFO - Starting training...
2025-05-26 16:53:22,695 - INFO - Epoch 1/100
2025-05-26 16:57:33,431 - INFO - Loading datasets...
2025-05-26 16:57:35,143 - INFO - Initializing model...
2025-05-26 16:57:35,355 - INFO - Starting training...
2025-05-26 16:57:35,356 - INFO - Epoch 1/100
2025-05-26 17:00:55,042 - INFO - Loading datasets...
2025-05-26 17:00:56,907 - INFO - Initializing model...
2025-05-26 17:01:31,084 - INFO - Loading datasets...
2025-05-26 17:01:32,100 - INFO - Initializing model...
2025-05-26 17:01:32,237 - INFO - Starting training...
2025-05-26 17:01:32,237 - INFO - Epoch 1/100
2025-05-26 17:02:57,436 - INFO - Loading datasets...
2025-05-26 17:02:58,987 - INFO - Initializing model...
2025-05-26 17:02:59,131 - INFO - Starting training...
2025-05-26 17:02:59,131 - INFO - Epoch 1/100
2025-05-26 17:06:02,558 - INFO - Loading datasets...
2025-05-26 17:06:03,597 - INFO - Initializing model...
2025-05-26 17:06:05,197 - INFO - Starting training...
2025-05-26 17:06:05,197 - INFO - Epoch 1/100
2025-05-26 17:07:43,296 - INFO - Loading datasets...
2025-05-26 17:07:44,202 - INFO - Initializing model...
2025-05-26 17:07:45,691 - INFO - Starting training...
2025-05-26 17:07:45,691 - INFO - Epoch 1/100
2025-05-26 17:11:52,194 - INFO - Loading datasets...
2025-05-26 17:11:53,662 - INFO - Initializing model...
2025-05-26 17:11:54,771 - INFO - Starting training...
2025-05-26 17:11:54,771 - INFO - Epoch 1/100
2025-05-26 17:13:06,887 - WARNING - OCR loss calculation failed: mat1 and mat2 shapes cannot be multiplied (2080x96 and 1024x512)
2025-05-26 17:16:45,846 - INFO - Loading datasets...
2025-05-26 17:16:46,742 - INFO - Initializing model...
2025-05-26 17:16:47,892 - INFO - Starting training...
2025-05-26 17:16:47,899 - INFO - Epoch 1/100
2025-05-27 13:23:01,701 - INFO - Loading datasets...
2025-05-27 13:23:02,962 - INFO - Initializing model...
2025-05-27 13:23:04,213 - INFO - Starting training...
2025-05-27 13:23:04,214 - INFO - Epoch 1/100
2025-05-27 13:24:23,475 - WARNING - OCR loss calculation failed: mat1 and mat2 shapes cannot be multiplied (2080x96 and 1024x512)
2025-05-27 13:25:47,641 - WARNING - OCR loss calculation failed: mat1 and mat2 shapes cannot be multiplied (2080x96 and 1024x512)
2025-05-27 14:45:06,699 - INFO - Loading datasets...
2025-05-27 14:45:07,966 - INFO - Initializing model...
2025-05-27 14:45:50,387 - INFO - Loading datasets...
2025-05-27 14:45:51,445 - INFO - Initializing model...
2025-05-27 14:45:52,780 - INFO - Starting training...
2025-05-27 14:45:52,781 - INFO - Epoch 1/100
2025-05-27 14:46:19,175 - WARNING - OCR loss calculation failed: Given groups=1, weight of size [64, 3, 3, 3], expected input[8, 1, 256, 256] to have 3 channels, but got 1 channels instead
2025-05-27 14:47:48,058 - INFO - Loading datasets...
2025-05-27 14:47:49,121 - INFO - Initializing model...
2025-05-27 14:47:50,055 - INFO - Starting training...
2025-05-27 14:47:50,055 - INFO - Epoch 1/100
2025-05-27 14:48:18,335 - WARNING - OCR loss calculation failed: Given groups=1, weight of size [64, 3, 3, 3], expected input[8, 1, 256, 256] to have 3 channels, but got 1 channels instead
2025-05-27 14:48:38,818 - WARNING - OCR loss calculation failed: Given groups=1, weight of size [64, 3, 3, 3], expected input[8, 1, 256, 256] to have 3 channels, but got 1 channels instead
2025-05-27 14:48:59,301 - WARNING - OCR loss calculation failed: Given groups=1, weight of size [64, 3, 3, 3], expected input[8, 1, 256, 256] to have 3 channels, but got 1 channels instead
2025-05-27 14:49:19,677 - WARNING - OCR loss calculation failed: Given groups=1, weight of size [64, 3, 3, 3], expected input[8, 1, 256, 256] to have 3 channels, but got 1 channels instead
2025-05-27 14:49:40,051 - WARNING - OCR loss calculation failed: Given groups=1, weight of size [64, 3, 3, 3], expected input[8, 1, 256, 256] to have 3 channels, but got 1 channels instead
2025-05-27 14:50:01,763 - WARNING - OCR loss calculation failed: Given groups=1, weight of size [64, 3, 3, 3], expected input[8, 1, 256, 256] to have 3 channels, but got 1 channels instead
2025-05-27 14:50:21,588 - WARNING - OCR loss calculation failed: Given groups=1, weight of size [64, 3, 3, 3], expected input[8, 1, 256, 256] to have 3 channels, but got 1 channels instead
2025-05-27 14:50:41,322 - WARNING - OCR loss calculation failed: Given groups=1, weight of size [64, 3, 3, 3], expected input[8, 1, 256, 256] to have 3 channels, but got 1 channels instead
2025-05-27 14:51:05,648 - WARNING - OCR loss calculation failed: Given groups=1, weight of size [64, 3, 3, 3], expected input[8, 1, 256, 256] to have 3 channels, but got 1 channels instead
2025-05-27 14:51:28,334 - WARNING - OCR loss calculation failed: Given groups=1, weight of size [64, 3, 3, 3], expected input[8, 1, 256, 256] to have 3 channels, but got 1 channels instead
2025-05-27 14:51:48,162 - WARNING - OCR loss calculation failed: Given groups=1, weight of size [64, 3, 3, 3], expected input[8, 1, 256, 256] to have 3 channels, but got 1 channels instead
2025-05-27 14:52:08,604 - WARNING - OCR loss calculation failed: Given groups=1, weight of size [64, 3, 3, 3], expected input[8, 1, 256, 256] to have 3 channels, but got 1 channels instead
2025-05-27 14:52:28,671 - WARNING - OCR loss calculation failed: Given groups=1, weight of size [64, 3, 3, 3], expected input[8, 1, 256, 256] to have 3 channels, but got 1 channels instead
2025-05-27 14:52:49,479 - WARNING - OCR loss calculation failed: Given groups=1, weight of size [64, 3, 3, 3], expected input[8, 1, 256, 256] to have 3 channels, but got 1 channels instead
2025-05-27 14:53:11,764 - WARNING - OCR loss calculation failed: Given groups=1, weight of size [64, 3, 3, 3], expected input[8, 1, 256, 256] to have 3 channels, but got 1 channels instead
2025-05-27 14:53:38,177 - WARNING - OCR loss calculation failed: Given groups=1, weight of size [64, 3, 3, 3], expected input[8, 1, 256, 256] to have 3 channels, but got 1 channels instead
2025-05-27 14:53:59,488 - WARNING - OCR loss calculation failed: Given groups=1, weight of size [64, 3, 3, 3], expected input[8, 1, 256, 256] to have 3 channels, but got 1 channels instead
2025-05-27 14:54:17,955 - WARNING - OCR loss calculation failed: Given groups=1, weight of size [64, 3, 3, 3], expected input[8, 1, 256, 256] to have 3 channels, but got 1 channels instead
2025-05-27 14:55:11,491 - INFO - Loading datasets...
2025-05-27 14:55:12,574 - INFO - Initializing model...
2025-05-27 14:55:13,480 - INFO - Starting training...
2025-05-27 14:55:13,480 - INFO - Epoch 1/100
2025-05-27 14:55:45,622 - WARNING - OCR loss calculation failed: Given groups=1, weight of size [64, 3, 3, 3], expected input[8, 1, 256, 256] to have 3 channels, but got 1 channels instead
2025-05-27 14:56:10,121 - WARNING - OCR loss calculation failed: Given groups=1, weight of size [64, 3, 3, 3], expected input[8, 1, 256, 256] to have 3 channels, but got 1 channels instead
2025-05-27 14:56:29,330 - WARNING - OCR loss calculation failed: Given groups=1, weight of size [64, 3, 3, 3], expected input[8, 1, 256, 256] to have 3 channels, but got 1 channels instead
2025-05-27 14:56:48,997 - WARNING - OCR loss calculation failed: Given groups=1, weight of size [64, 3, 3, 3], expected input[8, 1, 256, 256] to have 3 channels, but got 1 channels instead
2025-05-27 14:57:12,062 - INFO - Loading datasets...
2025-05-27 14:57:13,032 - INFO - Initializing model...
2025-05-27 14:57:13,955 - INFO - Starting training...
2025-05-27 14:57:13,955 - INFO - Epoch 1/100
2025-05-27 14:57:40,095 - WARNING - OCR loss calculation failed: the height of conv must be 1
2025-05-27 14:57:59,659 - WARNING - OCR loss calculation failed: the height of conv must be 1
2025-05-27 14:58:26,414 - INFO - Loading datasets...
2025-05-27 14:58:27,449 - INFO - Initializing model...
2025-05-27 14:58:28,337 - INFO - Starting training...
2025-05-27 14:58:28,338 - INFO - Epoch 1/100
2025-05-27 14:58:53,948 - WARNING - OCR loss calculation failed: Input and output sizes should be greater than 0, but got input (H: 256, W: 256) output (H: 32, W: -1)
2025-05-27 14:59:14,158 - WARNING - OCR loss calculation failed: Input and output sizes should be greater than 0, but got input (H: 256, W: 256) output (H: 32, W: -1)
2025-05-27 14:59:32,184 - INFO - Loading datasets...
2025-05-27 14:59:33,183 - INFO - Initializing model...
2025-05-27 14:59:34,078 - INFO - Starting training...
2025-05-27 14:59:34,078 - INFO - Epoch 1/100
2025-05-27 15:00:00,979 - WARNING - OCR loss calculation failed: mat1 and mat2 shapes cannot be multiplied (72x96 and 1024x512)
2025-05-27 15:00:32,940 - INFO - Loading datasets...
2025-05-27 15:00:33,916 - INFO - Initializing model...
2025-05-27 15:00:34,809 - INFO - Starting training...
2025-05-27 15:00:34,809 - INFO - Epoch 1/100
2025-05-27 15:01:00,926 - WARNING - OCR loss calculation failed: mat1 and mat2 shapes cannot be multiplied (264x96 and 1024x512)
2025-05-27 15:01:39,525 - INFO - Loading datasets...
2025-05-27 15:01:40,510 - INFO - Initializing model...
2025-05-27 15:01:41,404 - INFO - Starting training...
2025-05-27 15:01:41,406 - INFO - Epoch 1/100
2025-05-27 15:02:07,334 - WARNING - OCR loss calculation failed: mat1 and mat2 shapes cannot be multiplied (72x96 and 1024x512)
2025-05-27 15:02:26,291 - WARNING - OCR loss calculation failed: mat1 and mat2 shapes cannot be multiplied (72x96 and 1024x512)
2025-05-27 15:03:02,555 - INFO - Loading datasets...
2025-05-27 15:03:03,600 - INFO - Initializing model...
2025-05-27 15:03:04,558 - INFO - Starting training...
2025-05-27 15:03:04,559 - INFO - Epoch 1/100
2025-05-27 15:03:31,558 - WARNING - OCR loss calculation failed: mat1 and mat2 shapes cannot be multiplied (264x96 and 1024x512)
2025-05-27 15:03:51,750 - WARNING - OCR loss calculation failed: mat1 and mat2 shapes cannot be multiplied (264x96 and 1024x512)
2025-05-27 15:04:11,982 - WARNING - OCR loss calculation failed: mat1 and mat2 shapes cannot be multiplied (264x96 and 1024x512)
2025-05-27 15:04:31,380 - WARNING - OCR loss calculation failed: mat1 and mat2 shapes cannot be multiplied (264x96 and 1024x512)
2025-05-27 15:04:50,053 - WARNING - OCR loss calculation failed: mat1 and mat2 shapes cannot be multiplied (264x96 and 1024x512)
2025-05-27 15:05:08,975 - WARNING - OCR loss calculation failed: mat1 and mat2 shapes cannot be multiplied (264x96 and 1024x512)
2025-05-27 15:05:27,676 - WARNING - OCR loss calculation failed: mat1 and mat2 shapes cannot be multiplied (264x96 and 1024x512)
2025-05-27 15:05:46,277 - WARNING - OCR loss calculation failed: mat1 and mat2 shapes cannot be multiplied (264x96 and 1024x512)
2025-05-27 15:06:05,467 - WARNING - OCR loss calculation failed: mat1 and mat2 shapes cannot be multiplied (264x96 and 1024x512)
2025-05-27 15:06:24,113 - WARNING - OCR loss calculation failed: mat1 and mat2 shapes cannot be multiplied (264x96 and 1024x512)
2025-05-27 15:06:42,722 - WARNING - OCR loss calculation failed: mat1 and mat2 shapes cannot be multiplied (264x96 and 1024x512)
2025-05-27 15:07:01,673 - WARNING - OCR loss calculation failed: mat1 and mat2 shapes cannot be multiplied (264x96 and 1024x512)
2025-05-27 15:07:20,250 - WARNING - OCR loss calculation failed: mat1 and mat2 shapes cannot be multiplied (264x96 and 1024x512)
2025-05-27 15:07:38,882 - WARNING - OCR loss calculation failed: mat1 and mat2 shapes cannot be multiplied (264x96 and 1024x512)
2025-05-27 15:07:57,782 - WARNING - OCR loss calculation failed: mat1 and mat2 shapes cannot be multiplied (264x96 and 1024x512)
2025-05-27 15:08:17,169 - WARNING - OCR loss calculation failed: mat1 and mat2 shapes cannot be multiplied (264x96 and 1024x512)
2025-05-27 15:08:35,890 - WARNING - OCR loss calculation failed: mat1 and mat2 shapes cannot be multiplied (264x96 and 1024x512)
2025-05-27 15:08:55,208 - WARNING - OCR loss calculation failed: mat1 and mat2 shapes cannot be multiplied (264x96 and 1024x512)
2025-05-27 15:09:15,335 - WARNING - OCR loss calculation failed: mat1 and mat2 shapes cannot be multiplied (264x96 and 1024x512)
2025-05-27 15:09:34,314 - WARNING - OCR loss calculation failed: mat1 and mat2 shapes cannot be multiplied (264x96 and 1024x512)
2025-05-27 15:09:53,387 - WARNING - OCR loss calculation failed: mat1 and mat2 shapes cannot be multiplied (264x96 and 1024x512)
2025-05-27 15:10:13,030 - WARNING - OCR loss calculation failed: mat1 and mat2 shapes cannot be multiplied (264x96 and 1024x512)
2025-05-27 15:10:31,831 - WARNING - OCR loss calculation failed: mat1 and mat2 shapes cannot be multiplied (264x96 and 1024x512)
2025-05-27 15:10:51,857 - WARNING - OCR loss calculation failed: mat1 and mat2 shapes cannot be multiplied (264x96 and 1024x512)
2025-05-27 15:11:11,651 - WARNING - OCR loss calculation failed: mat1 and mat2 shapes cannot be multiplied (264x96 and 1024x512)
2025-05-27 15:11:31,512 - WARNING - OCR loss calculation failed: mat1 and mat2 shapes cannot be multiplied (264x96 and 1024x512)
2025-05-27 15:11:56,829 - WARNING - OCR loss calculation failed: mat1 and mat2 shapes cannot be multiplied (264x96 and 1024x512)
2025-05-27 15:12:25,486 - WARNING - OCR loss calculation failed: mat1 and mat2 shapes cannot be multiplied (264x96 and 1024x512)
2025-05-27 15:12:54,003 - WARNING - OCR loss calculation failed: mat1 and mat2 shapes cannot be multiplied (264x96 and 1024x512)
2025-05-27 15:13:22,613 - WARNING - OCR loss calculation failed: mat1 and mat2 shapes cannot be multiplied (264x96 and 1024x512)
2025-05-27 15:13:44,169 - WARNING - OCR loss calculation failed: mat1 and mat2 shapes cannot be multiplied (264x96 and 1024x512)
2025-05-27 15:14:05,690 - WARNING - OCR loss calculation failed: mat1 and mat2 shapes cannot be multiplied (264x96 and 1024x512)
2025-05-27 15:14:26,156 - WARNING - OCR loss calculation failed: mat1 and mat2 shapes cannot be multiplied (264x96 and 1024x512)
2025-05-27 15:14:47,580 - WARNING - OCR loss calculation failed: mat1 and mat2 shapes cannot be multiplied (264x96 and 1024x512)
2025-05-27 15:15:07,841 - WARNING - OCR loss calculation failed: mat1 and mat2 shapes cannot be multiplied (264x96 and 1024x512)
2025-05-27 15:15:29,404 - WARNING - OCR loss calculation failed: mat1 and mat2 shapes cannot be multiplied (264x96 and 1024x512)
2025-05-27 15:15:48,897 - WARNING - OCR loss calculation failed: mat1 and mat2 shapes cannot be multiplied (264x96 and 1024x512)
2025-05-27 15:16:07,482 - WARNING - OCR loss calculation failed: mat1 and mat2 shapes cannot be multiplied (264x96 and 1024x512)
2025-05-27 15:16:26,057 - WARNING - OCR loss calculation failed: mat1 and mat2 shapes cannot be multiplied (264x96 and 1024x512)
2025-05-27 15:16:44,685 - WARNING - OCR loss calculation failed: mat1 and mat2 shapes cannot be multiplied (264x96 and 1024x512)
2025-05-27 15:17:03,419 - WARNING - OCR loss calculation failed: mat1 and mat2 shapes cannot be multiplied (264x96 and 1024x512)
2025-05-27 15:17:22,175 - WARNING - OCR loss calculation failed: mat1 and mat2 shapes cannot be multiplied (264x96 and 1024x512)
2025-05-27 15:17:41,102 - WARNING - OCR loss calculation failed: mat1 and mat2 shapes cannot be multiplied (264x96 and 1024x512)
2025-05-27 15:17:59,754 - WARNING - OCR loss calculation failed: mat1 and mat2 shapes cannot be multiplied (264x96 and 1024x512)
2025-05-27 15:18:18,451 - WARNING - OCR loss calculation failed: mat1 and mat2 shapes cannot be multiplied (264x96 and 1024x512)
2025-05-27 15:18:37,456 - WARNING - OCR loss calculation failed: mat1 and mat2 shapes cannot be multiplied (264x96 and 1024x512)
2025-05-27 15:18:56,166 - WARNING - OCR loss calculation failed: mat1 and mat2 shapes cannot be multiplied (264x96 and 1024x512)
2025-05-27 15:19:14,926 - WARNING - OCR loss calculation failed: mat1 and mat2 shapes cannot be multiplied (264x96 and 1024x512)
2025-05-27 15:19:34,042 - WARNING - OCR loss calculation failed: mat1 and mat2 shapes cannot be multiplied (264x96 and 1024x512)
2025-05-27 15:19:52,890 - WARNING - OCR loss calculation failed: mat1 and mat2 shapes cannot be multiplied (264x96 and 1024x512)
2025-05-27 15:20:11,841 - WARNING - OCR loss calculation failed: mat1 and mat2 shapes cannot be multiplied (264x96 and 1024x512)
2025-05-27 15:20:30,824 - WARNING - OCR loss calculation failed: mat1 and mat2 shapes cannot be multiplied (264x96 and 1024x512)
2025-05-27 15:20:49,728 - WARNING - OCR loss calculation failed: mat1 and mat2 shapes cannot be multiplied (264x96 and 1024x512)
2025-05-27 15:21:08,499 - WARNING - OCR loss calculation failed: mat1 and mat2 shapes cannot be multiplied (264x96 and 1024x512)
2025-05-27 15:21:27,282 - WARNING - OCR loss calculation failed: mat1 and mat2 shapes cannot be multiplied (264x96 and 1024x512)
2025-05-27 15:21:46,527 - WARNING - OCR loss calculation failed: mat1 and mat2 shapes cannot be multiplied (264x96 and 1024x512)
2025-05-27 15:22:05,536 - WARNING - OCR loss calculation failed: mat1 and mat2 shapes cannot be multiplied (264x96 and 1024x512)
2025-05-27 15:22:24,361 - WARNING - OCR loss calculation failed: mat1 and mat2 shapes cannot be multiplied (264x96 and 1024x512)
2025-05-27 15:22:43,404 - WARNING - OCR loss calculation failed: mat1 and mat2 shapes cannot be multiplied (264x96 and 1024x512)
2025-05-27 15:23:02,399 - WARNING - OCR loss calculation failed: mat1 and mat2 shapes cannot be multiplied (264x96 and 1024x512)
2025-05-27 15:23:21,195 - WARNING - OCR loss calculation failed: mat1 and mat2 shapes cannot be multiplied (264x96 and 1024x512)
2025-05-27 15:23:40,447 - WARNING - OCR loss calculation failed: mat1 and mat2 shapes cannot be multiplied (264x96 and 1024x512)
2025-05-27 15:23:59,294 - WARNING - OCR loss calculation failed: mat1 and mat2 shapes cannot be multiplied (264x96 and 1024x512)
2025-05-27 15:24:18,645 - WARNING - OCR loss calculation failed: mat1 and mat2 shapes cannot be multiplied (264x96 and 1024x512)
2025-05-27 15:24:37,944 - WARNING - OCR loss calculation failed: mat1 and mat2 shapes cannot be multiplied (264x96 and 1024x512)
2025-05-27 15:24:57,002 - WARNING - OCR loss calculation failed: mat1 and mat2 shapes cannot be multiplied (264x96 and 1024x512)
2025-05-27 15:25:15,831 - WARNING - OCR loss calculation failed: mat1 and mat2 shapes cannot be multiplied (264x96 and 1024x512)
2025-05-27 15:25:35,004 - WARNING - OCR loss calculation failed: mat1 and mat2 shapes cannot be multiplied (264x96 and 1024x512)
2025-05-27 15:25:53,871 - WARNING - OCR loss calculation failed: mat1 and mat2 shapes cannot be multiplied (264x96 and 1024x512)
2025-05-27 15:26:12,622 - WARNING - OCR loss calculation failed: mat1 and mat2 shapes cannot be multiplied (264x96 and 1024x512)
2025-05-27 15:26:31,661 - WARNING - OCR loss calculation failed: mat1 and mat2 shapes cannot be multiplied (264x96 and 1024x512)
2025-05-27 15:26:50,791 - WARNING - OCR loss calculation failed: mat1 and mat2 shapes cannot be multiplied (264x96 and 1024x512)
2025-05-27 15:27:09,808 - WARNING - OCR loss calculation failed: mat1 and mat2 shapes cannot be multiplied (264x96 and 1024x512)
2025-05-27 15:27:28,744 - WARNING - OCR loss calculation failed: mat1 and mat2 shapes cannot be multiplied (264x96 and 1024x512)
2025-05-27 15:27:47,871 - WARNING - OCR loss calculation failed: mat1 and mat2 shapes cannot be multiplied (264x96 and 1024x512)
2025-05-27 15:28:06,975 - WARNING - OCR loss calculation failed: mat1 and mat2 shapes cannot be multiplied (264x96 and 1024x512)
2025-05-27 15:28:25,759 - WARNING - OCR loss calculation failed: mat1 and mat2 shapes cannot be multiplied (264x96 and 1024x512)
2025-05-27 15:28:44,944 - WARNING - OCR loss calculation failed: mat1 and mat2 shapes cannot be multiplied (264x96 and 1024x512)
2025-05-27 15:29:03,882 - WARNING - OCR loss calculation failed: mat1 and mat2 shapes cannot be multiplied (264x96 and 1024x512)
2025-05-27 15:29:22,776 - WARNING - OCR loss calculation failed: mat1 and mat2 shapes cannot be multiplied (264x96 and 1024x512)
2025-05-27 15:29:42,009 - WARNING - OCR loss calculation failed: mat1 and mat2 shapes cannot be multiplied (264x96 and 1024x512)
2025-05-27 15:30:01,023 - WARNING - OCR loss calculation failed: mat1 and mat2 shapes cannot be multiplied (264x96 and 1024x512)
2025-05-27 15:30:19,917 - WARNING - OCR loss calculation failed: mat1 and mat2 shapes cannot be multiplied (264x96 and 1024x512)
2025-05-27 15:30:39,004 - WARNING - OCR loss calculation failed: mat1 and mat2 shapes cannot be multiplied (264x96 and 1024x512)
2025-05-27 15:30:57,964 - WARNING - OCR loss calculation failed: mat1 and mat2 shapes cannot be multiplied (264x96 and 1024x512)
2025-05-27 15:31:16,815 - WARNING - OCR loss calculation failed: mat1 and mat2 shapes cannot be multiplied (264x96 and 1024x512)
2025-05-27 15:31:36,059 - WARNING - OCR loss calculation failed: mat1 and mat2 shapes cannot be multiplied (264x96 and 1024x512)
2025-05-27 15:31:55,057 - WARNING - OCR loss calculation failed: mat1 and mat2 shapes cannot be multiplied (264x96 and 1024x512)
2025-05-27 15:32:13,860 - WARNING - OCR loss calculation failed: mat1 and mat2 shapes cannot be multiplied (264x96 and 1024x512)
2025-05-27 15:32:32,633 - WARNING - OCR loss calculation failed: mat1 and mat2 shapes cannot be multiplied (264x96 and 1024x512)
2025-05-27 15:32:51,884 - WARNING - OCR loss calculation failed: mat1 and mat2 shapes cannot be multiplied (264x96 and 1024x512)
2025-05-27 15:33:10,763 - WARNING - OCR loss calculation failed: mat1 and mat2 shapes cannot be multiplied (264x96 and 1024x512)
2025-05-27 15:33:29,505 - WARNING - OCR loss calculation failed: mat1 and mat2 shapes cannot be multiplied (264x96 and 1024x512)
2025-05-27 15:33:48,809 - WARNING - OCR loss calculation failed: mat1 and mat2 shapes cannot be multiplied (264x96 and 1024x512)
2025-05-27 15:34:07,941 - WARNING - OCR loss calculation failed: mat1 and mat2 shapes cannot be multiplied (264x96 and 1024x512)
2025-05-27 15:34:26,783 - WARNING - OCR loss calculation failed: mat1 and mat2 shapes cannot be multiplied (264x96 and 1024x512)
2025-05-27 15:34:46,111 - WARNING - OCR loss calculation failed: mat1 and mat2 shapes cannot be multiplied (264x96 and 1024x512)
2025-05-27 15:35:05,163 - WARNING - OCR loss calculation failed: mat1 and mat2 shapes cannot be multiplied (264x96 and 1024x512)
2025-05-27 15:35:24,104 - WARNING - OCR loss calculation failed: mat1 and mat2 shapes cannot be multiplied (264x96 and 1024x512)
2025-05-27 15:35:43,288 - WARNING - OCR loss calculation failed: mat1 and mat2 shapes cannot be multiplied (264x96 and 1024x512)
2025-05-27 15:36:02,340 - WARNING - OCR loss calculation failed: mat1 and mat2 shapes cannot be multiplied (264x96 and 1024x512)
2025-05-27 15:36:21,190 - WARNING - OCR loss calculation failed: mat1 and mat2 shapes cannot be multiplied (264x96 and 1024x512)
2025-05-27 15:36:40,474 - WARNING - OCR loss calculation failed: mat1 and mat2 shapes cannot be multiplied (264x96 and 1024x512)
2025-05-27 15:36:59,368 - WARNING - OCR loss calculation failed: mat1 and mat2 shapes cannot be multiplied (264x96 and 1024x512)
2025-05-27 15:37:18,277 - WARNING - OCR loss calculation failed: mat1 and mat2 shapes cannot be multiplied (264x96 and 1024x512)
2025-05-27 15:37:37,532 - WARNING - OCR loss calculation failed: mat1 and mat2 shapes cannot be multiplied (264x96 and 1024x512)
2025-05-27 15:37:56,492 - WARNING - OCR loss calculation failed: mat1 and mat2 shapes cannot be multiplied (264x96 and 1024x512)
2025-05-27 15:38:15,251 - WARNING - OCR loss calculation failed: mat1 and mat2 shapes cannot be multiplied (264x96 and 1024x512)
2025-05-27 15:38:33,991 - WARNING - OCR loss calculation failed: mat1 and mat2 shapes cannot be multiplied (264x96 and 1024x512)
2025-05-27 15:38:53,353 - WARNING - OCR loss calculation failed: mat1 and mat2 shapes cannot be multiplied (264x96 and 1024x512)
2025-05-27 15:39:12,359 - WARNING - OCR loss calculation failed: mat1 and mat2 shapes cannot be multiplied (264x96 and 1024x512)
2025-05-27 15:39:31,551 - WARNING - OCR loss calculation failed: mat1 and mat2 shapes cannot be multiplied (264x96 and 1024x512)
2025-05-27 15:39:50,974 - WARNING - OCR loss calculation failed: mat1 and mat2 shapes cannot be multiplied (264x96 and 1024x512)
2025-05-27 15:40:10,128 - WARNING - OCR loss calculation failed: mat1 and mat2 shapes cannot be multiplied (264x96 and 1024x512)
2025-05-27 15:40:29,063 - WARNING - OCR loss calculation failed: mat1 and mat2 shapes cannot be multiplied (264x96 and 1024x512)
2025-05-27 15:40:48,408 - WARNING - OCR loss calculation failed: mat1 and mat2 shapes cannot be multiplied (264x96 and 1024x512)
2025-05-27 15:41:07,329 - WARNING - OCR loss calculation failed: mat1 and mat2 shapes cannot be multiplied (264x96 and 1024x512)
2025-05-27 15:41:26,357 - WARNING - OCR loss calculation failed: mat1 and mat2 shapes cannot be multiplied (264x96 and 1024x512)
2025-05-27 15:41:45,642 - WARNING - OCR loss calculation failed: mat1 and mat2 shapes cannot be multiplied (264x96 and 1024x512)
2025-05-27 15:42:04,684 - WARNING - OCR loss calculation failed: mat1 and mat2 shapes cannot be multiplied (264x96 and 1024x512)
2025-05-27 15:42:23,641 - WARNING - OCR loss calculation failed: mat1 and mat2 shapes cannot be multiplied (264x96 and 1024x512)
2025-05-27 15:42:42,806 - WARNING - OCR loss calculation failed: mat1 and mat2 shapes cannot be multiplied (264x96 and 1024x512)
2025-05-27 15:43:01,756 - WARNING - OCR loss calculation failed: mat1 and mat2 shapes cannot be multiplied (264x96 and 1024x512)
2025-05-27 15:43:20,714 - WARNING - OCR loss calculation failed: mat1 and mat2 shapes cannot be multiplied (264x96 and 1024x512)
2025-05-27 15:43:43,143 - WARNING - OCR loss calculation failed: mat1 and mat2 shapes cannot be multiplied (264x96 and 1024x512)
2025-05-27 15:44:05,803 - WARNING - OCR loss calculation failed: mat1 and mat2 shapes cannot be multiplied (264x96 and 1024x512)
